2018-09-09 17:08:10,509 [Worker-0] INFO  c.g.t.t.d.PublishedGradleVersions - Gradle version information cache is up-to-date. Trying to read.
2018-09-09 17:08:57,516 [Worker-0] INFO  o.e.m.c.i.l.LifecycleMappingFactory - Using org.eclipse.m2e.jdt.JarLifecycleMapping lifecycle mapping for MavenProject: automation:OnlineTravel:0.0.1-SNAPSHOT @ D:\00. Automation Testing\Build FW - a Minh\CodeLearning\OnlineTravel\pom.xml.
2018-09-09 17:08:57,516 [Worker-2] INFO  o.e.m.c.i.l.LifecycleMappingFactory - Using org.eclipse.m2e.jdt.JarLifecycleMapping lifecycle mapping for MavenProject: automation:OnlineTravel:0.0.1-SNAPSHOT @ D:\00. Automation Testing\Build FW - a Minh\CodeLearning\OnlineTravel\pom.xml.
2018-09-09 17:09:02,590 [Worker-0] INFO  o.e.m.c.i.embedder.EclipseLogger - Using 'UTF-8' encoding to copy filtered resources.
2018-09-09 17:09:02,779 [Worker-0] INFO  o.e.m.c.i.embedder.EclipseLogger - Copying 1 resource
2018-09-09 17:09:02,832 [Worker-0] INFO  o.e.m.c.i.embedder.EclipseLogger - Using 'UTF-8' encoding to copy filtered resources.
2018-09-09 17:09:02,832 [Worker-0] INFO  o.e.m.c.i.embedder.EclipseLogger - skip non existing resourceDirectory D:\00. Automation Testing\Build FW - a Minh\CodeLearning\OnlineTravel\src\test\resources
2018-09-09 17:09:09,149 [Worker-13] INFO  o.e.m.c.i.l.LifecycleMappingFactory - Using org.eclipse.m2e.jdt.JarLifecycleMapping lifecycle mapping for MavenProject: automation:OnlineTravel:0.0.1-SNAPSHOT @ D:\00. Automation Testing\Build FW - a Minh\CodeLearning\OnlineTravel\pom.xml.
2018-09-09 17:09:12,000 [Worker-12] INFO  o.e.m.c.i.embedder.EclipseLogger - Using 'UTF-8' encoding to copy filtered resources.
2018-09-09 17:09:12,005 [Worker-12] INFO  o.e.m.c.i.embedder.EclipseLogger - Copying 1 resource
2018-09-09 17:09:12,055 [Worker-12] INFO  o.e.m.c.i.embedder.EclipseLogger - Using 'UTF-8' encoding to copy filtered resources.
2018-09-09 17:09:12,057 [Worker-12] INFO  o.e.m.c.i.embedder.EclipseLogger - skip non existing resourceDirectory D:\00. Automation Testing\Build FW - a Minh\CodeLearning\OnlineTravel\src\test\resources
2018-09-09 17:09:14,993 [Worker-5] INFO  o.e.m.c.i.embedder.EclipseLogger - Using 'UTF-8' encoding to copy filtered resources.
2018-09-09 17:09:14,993 [Worker-5] INFO  o.e.m.c.i.embedder.EclipseLogger - Copying 0 resource
2018-09-09 17:09:15,005 [Worker-5] INFO  o.e.m.c.i.embedder.EclipseLogger - Using 'UTF-8' encoding to copy filtered resources.
2018-09-09 17:09:15,011 [Worker-5] INFO  o.e.m.c.i.embedder.EclipseLogger - skip non existing resourceDirectory D:\00. Automation Testing\Build FW - a Minh\CodeLearning\OnlineTravel\src\test\resources
2018-09-09 17:11:47,131 [Worker-7] INFO  o.e.m.c.i.embedder.EclipseLogger - Using 'UTF-8' encoding to copy filtered resources.
2018-09-09 17:11:47,132 [Worker-7] INFO  o.e.m.c.i.embedder.EclipseLogger - Copying 1 resource
2018-09-09 17:11:47,136 [Worker-7] INFO  o.e.m.c.i.embedder.EclipseLogger - Using 'UTF-8' encoding to copy filtered resources.
2018-09-09 17:11:47,136 [Worker-7] INFO  o.e.m.c.i.embedder.EclipseLogger - skip non existing resourceDirectory D:\00. Automation Testing\Build FW - a Minh\CodeLearning\OnlineTravel\src\test\resources
2018-09-09 17:11:48,270 [Worker-0] INFO  o.e.m.c.i.embedder.EclipseLogger - Using 'UTF-8' encoding to copy filtered resources.
2018-09-09 17:11:48,271 [Worker-0] INFO  o.e.m.c.i.embedder.EclipseLogger - Copying 1 resource
2018-09-09 17:11:48,272 [Worker-0] INFO  o.e.m.c.i.embedder.EclipseLogger - Using 'UTF-8' encoding to copy filtered resources.
2018-09-09 17:11:48,273 [Worker-0] INFO  o.e.m.c.i.embedder.EclipseLogger - skip non existing resourceDirectory D:\00. Automation Testing\Build FW - a Minh\CodeLearning\OnlineTravel\src\test\resources
2018-09-09 17:11:49,312 [Worker-0] INFO  o.e.m.c.i.embedder.EclipseLogger - Using 'UTF-8' encoding to copy filtered resources.
2018-09-09 17:11:49,313 [Worker-0] INFO  o.e.m.c.i.embedder.EclipseLogger - Copying 1 resource
2018-09-09 17:11:49,315 [Worker-0] INFO  o.e.m.c.i.embedder.EclipseLogger - Using 'UTF-8' encoding to copy filtered resources.
2018-09-09 17:11:49,316 [Worker-0] INFO  o.e.m.c.i.embedder.EclipseLogger - skip non existing resourceDirectory D:\00. Automation Testing\Build FW - a Minh\CodeLearning\OnlineTravel\src\test\resources
2018-09-09 17:12:53,833 [Worker-5] INFO  o.e.m.c.i.embedder.EclipseLogger - Using 'UTF-8' encoding to copy filtered resources.
2018-09-09 17:12:53,834 [Worker-5] INFO  o.e.m.c.i.embedder.EclipseLogger - Copying 1 resource
2018-09-09 17:12:53,840 [Worker-5] INFO  o.e.m.c.i.embedder.EclipseLogger - Using 'UTF-8' encoding to copy filtered resources.
2018-09-09 17:12:53,841 [Worker-5] INFO  o.e.m.c.i.embedder.EclipseLogger - skip non existing resourceDirectory D:\00. Automation Testing\Build FW - a Minh\CodeLearning\OnlineTravel\src\test\resources
2018-09-09 17:12:57,039 [Worker-11] INFO  o.e.m.c.i.embedder.EclipseLogger - Using 'UTF-8' encoding to copy filtered resources.
2018-09-09 17:12:57,039 [Worker-11] INFO  o.e.m.c.i.embedder.EclipseLogger - Copying 0 resource
2018-09-09 17:12:57,041 [Worker-11] INFO  o.e.m.c.i.embedder.EclipseLogger - Using 'UTF-8' encoding to copy filtered resources.
2018-09-09 17:12:57,041 [Worker-11] INFO  o.e.m.c.i.embedder.EclipseLogger - skip non existing resourceDirectory D:\00. Automation Testing\Build FW - a Minh\CodeLearning\OnlineTravel\src\test\resources
2018-09-09 17:13:04,811 [Worker-11] INFO  o.e.m.c.i.embedder.EclipseLogger - Using 'UTF-8' encoding to copy filtered resources.
2018-09-09 17:13:04,812 [Worker-11] INFO  o.e.m.c.i.embedder.EclipseLogger - Copying 1 resource
2018-09-09 17:13:04,815 [Worker-11] INFO  o.e.m.c.i.embedder.EclipseLogger - Using 'UTF-8' encoding to copy filtered resources.
2018-09-09 17:13:04,816 [Worker-11] INFO  o.e.m.c.i.embedder.EclipseLogger - skip non existing resourceDirectory D:\00. Automation Testing\Build FW - a Minh\CodeLearning\OnlineTravel\src\test\resources
2018-09-09 17:13:12,547 [Worker-12] INFO  o.e.m.c.i.embedder.EclipseLogger - Using 'UTF-8' encoding to copy filtered resources.
2018-09-09 17:13:12,548 [Worker-12] INFO  o.e.m.c.i.embedder.EclipseLogger - Copying 1 resource
2018-09-09 17:13:12,550 [Worker-12] INFO  o.e.m.c.i.embedder.EclipseLogger - Using 'UTF-8' encoding to copy filtered resources.
2018-09-09 17:13:12,550 [Worker-12] INFO  o.e.m.c.i.embedder.EclipseLogger - skip non existing resourceDirectory D:\00. Automation Testing\Build FW - a Minh\CodeLearning\OnlineTravel\src\test\resources
2018-09-09 17:13:18,224 [Worker-1] INFO  o.e.m.c.i.embedder.EclipseLogger - Using 'UTF-8' encoding to copy filtered resources.
2018-09-09 17:13:18,225 [Worker-1] INFO  o.e.m.c.i.embedder.EclipseLogger - Copying 1 resource
2018-09-09 17:13:18,226 [Worker-1] INFO  o.e.m.c.i.embedder.EclipseLogger - Using 'UTF-8' encoding to copy filtered resources.
2018-09-09 17:13:18,226 [Worker-1] INFO  o.e.m.c.i.embedder.EclipseLogger - skip non existing resourceDirectory D:\00. Automation Testing\Build FW - a Minh\CodeLearning\OnlineTravel\src\test\resources
2018-09-09 17:13:49,366 [Worker-6] INFO  o.e.m.c.i.embedder.EclipseLogger - Using 'UTF-8' encoding to copy filtered resources.
2018-09-09 17:13:49,369 [Worker-6] INFO  o.e.m.c.i.embedder.EclipseLogger - Copying 1 resource
2018-09-09 17:13:49,392 [Worker-6] INFO  o.e.m.c.i.embedder.EclipseLogger - Using 'UTF-8' encoding to copy filtered resources.
2018-09-09 17:13:49,392 [Worker-6] INFO  o.e.m.c.i.embedder.EclipseLogger - skip non existing resourceDirectory D:\00. Automation Testing\Build FW - a Minh\CodeLearning\OnlineTravel\src\test\resources
2018-09-09 17:18:19,672 [Worker-8] INFO  o.e.m.c.i.embedder.EclipseLogger - Using 'UTF-8' encoding to copy filtered resources.
2018-09-09 17:18:19,673 [Worker-8] INFO  o.e.m.c.i.embedder.EclipseLogger - Copying 1 resource
2018-09-09 17:18:19,675 [Worker-8] INFO  o.e.m.c.i.embedder.EclipseLogger - Using 'UTF-8' encoding to copy filtered resources.
2018-09-09 17:18:19,675 [Worker-8] INFO  o.e.m.c.i.embedder.EclipseLogger - skip non existing resourceDirectory D:\00. Automation Testing\Build FW - a Minh\CodeLearning\OnlineTravel\src\test\resources
2018-09-09 17:18:58,312 [Worker-10] INFO  o.e.m.c.i.embedder.EclipseLogger - Using 'UTF-8' encoding to copy filtered resources.
2018-09-09 17:18:58,313 [Worker-10] INFO  o.e.m.c.i.embedder.EclipseLogger - Copying 1 resource
2018-09-09 17:18:58,316 [Worker-10] INFO  o.e.m.c.i.embedder.EclipseLogger - Using 'UTF-8' encoding to copy filtered resources.
2018-09-09 17:18:58,316 [Worker-10] INFO  o.e.m.c.i.embedder.EclipseLogger - skip non existing resourceDirectory D:\00. Automation Testing\Build FW - a Minh\CodeLearning\OnlineTravel\src\test\resources
2018-09-09 17:19:48,896 [Worker-13] INFO  o.e.m.c.i.embedder.EclipseLogger - Using 'UTF-8' encoding to copy filtered resources.
2018-09-09 17:19:48,897 [Worker-13] INFO  o.e.m.c.i.embedder.EclipseLogger - Copying 1 resource
2018-09-09 17:19:48,898 [Worker-13] INFO  o.e.m.c.i.embedder.EclipseLogger - Using 'UTF-8' encoding to copy filtered resources.
2018-09-09 17:19:48,898 [Worker-13] INFO  o.e.m.c.i.embedder.EclipseLogger - skip non existing resourceDirectory D:\00. Automation Testing\Build FW - a Minh\CodeLearning\OnlineTravel\src\test\resources
2018-09-09 17:20:35,719 [Worker-13] INFO  o.e.m.c.i.embedder.EclipseLogger - Using 'UTF-8' encoding to copy filtered resources.
2018-09-09 17:20:35,720 [Worker-13] INFO  o.e.m.c.i.embedder.EclipseLogger - Copying 1 resource
2018-09-09 17:20:35,722 [Worker-13] INFO  o.e.m.c.i.embedder.EclipseLogger - Using 'UTF-8' encoding to copy filtered resources.
2018-09-09 17:20:35,722 [Worker-13] INFO  o.e.m.c.i.embedder.EclipseLogger - skip non existing resourceDirectory D:\00. Automation Testing\Build FW - a Minh\CodeLearning\OnlineTravel\src\test\resources
2018-09-09 17:20:43,789 [Worker-1] INFO  o.e.m.c.i.embedder.EclipseLogger - Using 'UTF-8' encoding to copy filtered resources.
2018-09-09 17:20:43,789 [Worker-1] INFO  o.e.m.c.i.embedder.EclipseLogger - Copying 1 resource
2018-09-09 17:20:43,792 [Worker-1] INFO  o.e.m.c.i.embedder.EclipseLogger - Using 'UTF-8' encoding to copy filtered resources.
2018-09-09 17:20:43,792 [Worker-1] INFO  o.e.m.c.i.embedder.EclipseLogger - skip non existing resourceDirectory D:\00. Automation Testing\Build FW - a Minh\CodeLearning\OnlineTravel\src\test\resources
2018-09-09 17:23:23,643 [Worker-6] INFO  o.e.m.c.i.embedder.EclipseLogger - Using 'UTF-8' encoding to copy filtered resources.
2018-09-09 17:23:23,644 [Worker-6] INFO  o.e.m.c.i.embedder.EclipseLogger - Copying 1 resource
2018-09-09 17:23:23,645 [Worker-6] INFO  o.e.m.c.i.embedder.EclipseLogger - Using 'UTF-8' encoding to copy filtered resources.
2018-09-09 17:23:23,646 [Worker-6] INFO  o.e.m.c.i.embedder.EclipseLogger - skip non existing resourceDirectory D:\00. Automation Testing\Build FW - a Minh\CodeLearning\OnlineTravel\src\test\resources
2018-09-09 17:26:30,172 [Worker-12] INFO  o.e.m.c.i.embedder.EclipseLogger - Using 'UTF-8' encoding to copy filtered resources.
2018-09-09 17:26:30,172 [Worker-12] INFO  o.e.m.c.i.embedder.EclipseLogger - Copying 1 resource
2018-09-09 17:26:30,174 [Worker-12] INFO  o.e.m.c.i.embedder.EclipseLogger - Using 'UTF-8' encoding to copy filtered resources.
2018-09-09 17:26:30,174 [Worker-12] INFO  o.e.m.c.i.embedder.EclipseLogger - skip non existing resourceDirectory D:\00. Automation Testing\Build FW - a Minh\CodeLearning\OnlineTravel\src\test\resources
2018-09-09 17:26:31,196 [Worker-14] INFO  o.e.m.c.i.embedder.EclipseLogger - Using 'UTF-8' encoding to copy filtered resources.
2018-09-09 17:26:31,197 [Worker-14] INFO  o.e.m.c.i.embedder.EclipseLogger - Copying 1 resource
2018-09-09 17:26:31,198 [Worker-14] INFO  o.e.m.c.i.embedder.EclipseLogger - Using 'UTF-8' encoding to copy filtered resources.
2018-09-09 17:26:31,198 [Worker-14] INFO  o.e.m.c.i.embedder.EclipseLogger - skip non existing resourceDirectory D:\00. Automation Testing\Build FW - a Minh\CodeLearning\OnlineTravel\src\test\resources
2018-09-09 17:26:36,727 [Worker-5] INFO  o.e.m.c.i.embedder.EclipseLogger - Using 'UTF-8' encoding to copy filtered resources.
2018-09-09 17:26:36,728 [Worker-5] INFO  o.e.m.c.i.embedder.EclipseLogger - Copying 1 resource
2018-09-09 17:26:36,731 [Worker-5] INFO  o.e.m.c.i.embedder.EclipseLogger - Using 'UTF-8' encoding to copy filtered resources.
2018-09-09 17:26:36,734 [Worker-5] INFO  o.e.m.c.i.embedder.EclipseLogger - skip non existing resourceDirectory D:\00. Automation Testing\Build FW - a Minh\CodeLearning\OnlineTravel\src\test\resources
2018-09-09 17:26:53,862 [Worker-5] INFO  o.e.m.c.i.embedder.EclipseLogger - Using 'UTF-8' encoding to copy filtered resources.
2018-09-09 17:26:53,864 [Worker-5] INFO  o.e.m.c.i.embedder.EclipseLogger - Copying 1 resource
2018-09-09 17:26:53,868 [Worker-5] INFO  o.e.m.c.i.embedder.EclipseLogger - Using 'UTF-8' encoding to copy filtered resources.
2018-09-09 17:26:53,869 [Worker-5] INFO  o.e.m.c.i.embedder.EclipseLogger - skip non existing resourceDirectory D:\00. Automation Testing\Build FW - a Minh\CodeLearning\OnlineTravel\src\test\resources
